<!DOCTYPE html>
<html>
<head>
<meta http-equiv="Content-Type" content="text/html; charset=utf-8"/>
<meta http-equiv="x-ua-compatible" content="IE=edge"/>
<title>Test results - MemberServiceTest</title>
<link href="../css/base-style.css" rel="stylesheet" type="text/css"/>
<link href="../css/style.css" rel="stylesheet" type="text/css"/>
<script src="../js/report.js" type="text/javascript"></script>
</head>
<body>
<div id="content">
<h1>MemberServiceTest</h1>
<div class="breadcrumbs">
<a href="../index.html">all</a> &gt; 
<a href="../packages/jpashop.jpapractice.domain.service.html">jpashop.jpapractice.domain.service</a> &gt; MemberServiceTest</div>
<div id="summary">
<table>
<tr>
<td>
<div class="summaryGroup">
<table>
<tr>
<td>
<div class="infoBox" id="tests">
<div class="counter">3</div>
<p>tests</p>
</div>
</td>
<td>
<div class="infoBox" id="failures">
<div class="counter">1</div>
<p>failures</p>
</div>
</td>
<td>
<div class="infoBox" id="ignored">
<div class="counter">0</div>
<p>ignored</p>
</div>
</td>
<td>
<div class="infoBox" id="duration">
<div class="counter">0.110s</div>
<p>duration</p>
</div>
</td>
</tr>
</table>
</div>
</td>
<td>
<div class="infoBox failures" id="successRate">
<div class="percent">66%</div>
<p>successful</p>
</div>
</td>
</tr>
</table>
</div>
<div id="tabs">
<ul class="tabLinks">
<li>
<a href="#tab0">Failed tests</a>
</li>
<li>
<a href="#tab1">Tests</a>
</li>
<li>
<a href="#tab2">Standard output</a>
</li>
</ul>
<div id="tab0" class="tab">
<h2>Failed tests</h2>
<div class="test">
<a name="중복_회원_예외()"></a>
<h3 class="failures">중복_회원_예외()</h3>
<span class="code">
<pre>org.springframework.transaction.UnexpectedRollbackException: Transaction silently rolled back because it has been marked as rollback-only
	at app//org.springframework.transaction.support.AbstractPlatformTransactionManager.processCommit(AbstractPlatformTransactionManager.java:752)
	at app//org.springframework.transaction.support.AbstractPlatformTransactionManager.commit(AbstractPlatformTransactionManager.java:711)
	at app//org.springframework.test.context.transaction.TransactionContext.endTransaction(TransactionContext.java:131)
	at app//org.springframework.test.context.transaction.TransactionalTestExecutionListener.afterTestMethod(TransactionalTestExecutionListener.java:255)
	at app//org.springframework.test.context.TestContextManager.afterTestMethod(TestContextManager.java:445)
	at app//org.springframework.test.context.junit.jupiter.SpringExtension.afterEach(SpringExtension.java:206)
	at app//org.junit.jupiter.engine.descriptor.TestMethodTestDescriptor.lambda$invokeAfterEachCallbacks$12(TestMethodTestDescriptor.java:257)
	at app//org.junit.jupiter.engine.descriptor.TestMethodTestDescriptor.lambda$invokeAllAfterMethodsOrCallbacks$13(TestMethodTestDescriptor.java:273)
	at app//org.junit.platform.engine.support.hierarchical.ThrowableCollector.execute(ThrowableCollector.java:73)
	at app//org.junit.jupiter.engine.descriptor.TestMethodTestDescriptor.lambda$invokeAllAfterMethodsOrCallbacks$14(TestMethodTestDescriptor.java:273)
	at java.base@17.0.6/java.util.ArrayList.forEach(ArrayList.java:1511)
	at app//org.junit.jupiter.engine.descriptor.TestMethodTestDescriptor.invokeAllAfterMethodsOrCallbacks(TestMethodTestDescriptor.java:272)
	at app//org.junit.jupiter.engine.descriptor.TestMethodTestDescriptor.invokeAfterEachCallbacks(TestMethodTestDescriptor.java:256)
	at app//org.junit.jupiter.engine.descriptor.TestMethodTestDescriptor.execute(TestMethodTestDescriptor.java:141)
	at app//org.junit.jupiter.engine.descriptor.TestMethodTestDescriptor.execute(TestMethodTestDescriptor.java:66)
	at app//org.junit.platform.engine.support.hierarchical.NodeTestTask.lambda$executeRecursively$6(NodeTestTask.java:151)
	at app//org.junit.platform.engine.support.hierarchical.ThrowableCollector.execute(ThrowableCollector.java:73)
	at app//org.junit.platform.engine.support.hierarchical.NodeTestTask.lambda$executeRecursively$8(NodeTestTask.java:141)
	at app//org.junit.platform.engine.support.hierarchical.Node.around(Node.java:137)
	at app//org.junit.platform.engine.support.hierarchical.NodeTestTask.lambda$executeRecursively$9(NodeTestTask.java:139)
	at app//org.junit.platform.engine.support.hierarchical.ThrowableCollector.execute(ThrowableCollector.java:73)
	at app//org.junit.platform.engine.support.hierarchical.NodeTestTask.executeRecursively(NodeTestTask.java:138)
	at app//org.junit.platform.engine.support.hierarchical.NodeTestTask.execute(NodeTestTask.java:95)
	at java.base@17.0.6/java.util.ArrayList.forEach(ArrayList.java:1511)
	at app//org.junit.platform.engine.support.hierarchical.SameThreadHierarchicalTestExecutorService.invokeAll(SameThreadHierarchicalTestExecutorService.java:41)
	at app//org.junit.platform.engine.support.hierarchical.NodeTestTask.lambda$executeRecursively$6(NodeTestTask.java:155)
	at app//org.junit.platform.engine.support.hierarchical.ThrowableCollector.execute(ThrowableCollector.java:73)
	at app//org.junit.platform.engine.support.hierarchical.NodeTestTask.lambda$executeRecursively$8(NodeTestTask.java:141)
	at app//org.junit.platform.engine.support.hierarchical.Node.around(Node.java:137)
	at app//org.junit.platform.engine.support.hierarchical.NodeTestTask.lambda$executeRecursively$9(NodeTestTask.java:139)
	at app//org.junit.platform.engine.support.hierarchical.ThrowableCollector.execute(ThrowableCollector.java:73)
	at app//org.junit.platform.engine.support.hierarchical.NodeTestTask.executeRecursively(NodeTestTask.java:138)
	at app//org.junit.platform.engine.support.hierarchical.NodeTestTask.execute(NodeTestTask.java:95)
	at java.base@17.0.6/java.util.ArrayList.forEach(ArrayList.java:1511)
	at app//org.junit.platform.engine.support.hierarchical.SameThreadHierarchicalTestExecutorService.invokeAll(SameThreadHierarchicalTestExecutorService.java:41)
	at app//org.junit.platform.engine.support.hierarchical.NodeTestTask.lambda$executeRecursively$6(NodeTestTask.java:155)
	at app//org.junit.platform.engine.support.hierarchical.ThrowableCollector.execute(ThrowableCollector.java:73)
	at app//org.junit.platform.engine.support.hierarchical.NodeTestTask.lambda$executeRecursively$8(NodeTestTask.java:141)
	at app//org.junit.platform.engine.support.hierarchical.Node.around(Node.java:137)
	at app//org.junit.platform.engine.support.hierarchical.NodeTestTask.lambda$executeRecursively$9(NodeTestTask.java:139)
	at app//org.junit.platform.engine.support.hierarchical.ThrowableCollector.execute(ThrowableCollector.java:73)
	at app//org.junit.platform.engine.support.hierarchical.NodeTestTask.executeRecursively(NodeTestTask.java:138)
	at app//org.junit.platform.engine.support.hierarchical.NodeTestTask.execute(NodeTestTask.java:95)
	at app//org.junit.platform.engine.support.hierarchical.SameThreadHierarchicalTestExecutorService.submit(SameThreadHierarchicalTestExecutorService.java:35)
	at app//org.junit.platform.engine.support.hierarchical.HierarchicalTestExecutor.execute(HierarchicalTestExecutor.java:57)
	at app//org.junit.platform.engine.support.hierarchical.HierarchicalTestEngine.execute(HierarchicalTestEngine.java:54)
	at org.junit.platform.launcher.core.EngineExecutionOrchestrator.execute(EngineExecutionOrchestrator.java:107)
	at org.junit.platform.launcher.core.EngineExecutionOrchestrator.execute(EngineExecutionOrchestrator.java:88)
	at org.junit.platform.launcher.core.EngineExecutionOrchestrator.lambda$execute$0(EngineExecutionOrchestrator.java:54)
	at org.junit.platform.launcher.core.EngineExecutionOrchestrator.withInterceptedStreams(EngineExecutionOrchestrator.java:67)
	at org.junit.platform.launcher.core.EngineExecutionOrchestrator.execute(EngineExecutionOrchestrator.java:52)
	at org.junit.platform.launcher.core.DefaultLauncher.execute(DefaultLauncher.java:114)
	at org.junit.platform.launcher.core.DefaultLauncher.execute(DefaultLauncher.java:86)
	at org.junit.platform.launcher.core.DefaultLauncherSession$DelegatingLauncher.execute(DefaultLauncherSession.java:86)
	at org.junit.platform.launcher.core.SessionPerRequestLauncher.execute(SessionPerRequestLauncher.java:53)
	at org.gradle.api.internal.tasks.testing.junitplatform.JUnitPlatformTestClassProcessor$CollectAllTestClassesExecutor.processAllTestClasses(JUnitPlatformTestClassProcessor.java:99)
	at org.gradle.api.internal.tasks.testing.junitplatform.JUnitPlatformTestClassProcessor$CollectAllTestClassesExecutor.access$000(JUnitPlatformTestClassProcessor.java:79)
	at org.gradle.api.internal.tasks.testing.junitplatform.JUnitPlatformTestClassProcessor.stop(JUnitPlatformTestClassProcessor.java:75)
	at org.gradle.api.internal.tasks.testing.SuiteTestClassProcessor.stop(SuiteTestClassProcessor.java:62)
	at java.base@17.0.6/jdk.internal.reflect.NativeMethodAccessorImpl.invoke0(Native Method)
	at java.base@17.0.6/jdk.internal.reflect.NativeMethodAccessorImpl.invoke(NativeMethodAccessorImpl.java:77)
	at java.base@17.0.6/jdk.internal.reflect.DelegatingMethodAccessorImpl.invoke(DelegatingMethodAccessorImpl.java:43)
	at java.base@17.0.6/java.lang.reflect.Method.invoke(Method.java:568)
	at org.gradle.internal.dispatch.ReflectionDispatch.dispatch(ReflectionDispatch.java:36)
	at org.gradle.internal.dispatch.ReflectionDispatch.dispatch(ReflectionDispatch.java:24)
	at org.gradle.internal.dispatch.ContextClassLoaderDispatch.dispatch(ContextClassLoaderDispatch.java:33)
	at org.gradle.internal.dispatch.ProxyDispatchAdapter$DispatchingInvocationHandler.invoke(ProxyDispatchAdapter.java:94)
	at jdk.proxy1/jdk.proxy1.$Proxy2.stop(Unknown Source)
	at org.gradle.api.internal.tasks.testing.worker.TestWorker$3.run(TestWorker.java:193)
	at org.gradle.api.internal.tasks.testing.worker.TestWorker.executeAndMaintainThreadName(TestWorker.java:129)
	at org.gradle.api.internal.tasks.testing.worker.TestWorker.execute(TestWorker.java:100)
	at org.gradle.api.internal.tasks.testing.worker.TestWorker.execute(TestWorker.java:60)
	at org.gradle.process.internal.worker.child.ActionExecutionWorker.execute(ActionExecutionWorker.java:56)
	at org.gradle.process.internal.worker.child.SystemApplicationClassLoaderWorker.call(SystemApplicationClassLoaderWorker.java:113)
	at org.gradle.process.internal.worker.child.SystemApplicationClassLoaderWorker.call(SystemApplicationClassLoaderWorker.java:65)
	at app//worker.org.gradle.process.internal.worker.GradleWorkerMain.run(GradleWorkerMain.java:69)
	at app//worker.org.gradle.process.internal.worker.GradleWorkerMain.main(GradleWorkerMain.java:74)
</pre>
</span>
</div>
</div>
<div id="tab1" class="tab">
<h2>Tests</h2>
<table>
<thead>
<tr>
<th>Test</th>
<th>Duration</th>
<th>Result</th>
</tr>
</thead>
<tr>
<td class="success">BaseEntity()</td>
<td class="success">0.088s</td>
<td class="success">passed</td>
</tr>
<tr>
<td class="failures">중복_회원_예외()</td>
<td class="failures">0.013s</td>
<td class="failures">failed</td>
</tr>
<tr>
<td class="success">회원가입()</td>
<td class="success">0.009s</td>
<td class="success">passed</td>
</tr>
</table>
</div>
<div id="tab2" class="tab">
<h2>Standard output</h2>
<span class="code">
<pre>2023-03-09 01:09:43.032  INFO 1904 --- [    Test worker] .b.t.c.SpringBootTestContextBootstrapper : Neither @ContextConfiguration nor @ContextHierarchy found for test class [jpashop.jpapractice.domain.service.MemberServiceTest], using SpringBootContextLoader
2023-03-09 01:09:43.033  INFO 1904 --- [    Test worker] o.s.t.c.support.AbstractContextLoader    : Could not detect default resource locations for test class [jpashop.jpapractice.domain.service.MemberServiceTest]: no resource found for suffixes {-context.xml, Context.groovy}.
2023-03-09 01:09:43.033  INFO 1904 --- [    Test worker] t.c.s.AnnotationConfigContextLoaderUtils : Could not detect default configuration classes for test class [jpashop.jpapractice.domain.service.MemberServiceTest]: MemberServiceTest does not declare any static, non-private, non-final, nested classes annotated with @Configuration.
2023-03-09 01:09:43.037  INFO 1904 --- [    Test worker] .b.t.c.SpringBootTestContextBootstrapper : Found @SpringBootConfiguration jpashop.jpapractice.JpapracticeApplication for test class jpashop.jpapractice.domain.service.MemberServiceTest
2023-03-09 01:09:43.038  INFO 1904 --- [    Test worker] .b.t.c.SpringBootTestContextBootstrapper : Loaded default TestExecutionListener class names from location [META-INF/spring.factories]: [org.springframework.boot.test.autoconfigure.restdocs.RestDocsTestExecutionListener, org.springframework.boot.test.autoconfigure.web.client.MockRestServiceServerResetTestExecutionListener, org.springframework.boot.test.autoconfigure.web.servlet.MockMvcPrintOnlyOnFailureTestExecutionListener, org.springframework.boot.test.autoconfigure.web.servlet.WebDriverTestExecutionListener, org.springframework.boot.test.autoconfigure.webservices.client.MockWebServiceServerTestExecutionListener, org.springframework.boot.test.mock.mockito.MockitoTestExecutionListener, org.springframework.boot.test.mock.mockito.ResetMocksTestExecutionListener, org.springframework.test.context.web.ServletTestExecutionListener, org.springframework.test.context.support.DirtiesContextBeforeModesTestExecutionListener, org.springframework.test.context.event.ApplicationEventsTestExecutionListener, org.springframework.test.context.support.DependencyInjectionTestExecutionListener, org.springframework.test.context.support.DirtiesContextTestExecutionListener, org.springframework.test.context.transaction.TransactionalTestExecutionListener, org.springframework.test.context.jdbc.SqlScriptsTestExecutionListener, org.springframework.test.context.event.EventPublishingTestExecutionListener]
2023-03-09 01:09:43.038  INFO 1904 --- [    Test worker] .b.t.c.SpringBootTestContextBootstrapper : Using TestExecutionListeners: [org.springframework.test.context.web.ServletTestExecutionListener@58e61e18, org.springframework.test.context.support.DirtiesContextBeforeModesTestExecutionListener@6d9f624, org.springframework.test.context.event.ApplicationEventsTestExecutionListener@6ce7d6ab, org.springframework.boot.test.mock.mockito.MockitoTestExecutionListener@49d658bf, org.springframework.boot.test.autoconfigure.SpringBootDependencyInjectionTestExecutionListener@21288943, org.springframework.test.context.support.DirtiesContextTestExecutionListener@68893394, org.springframework.test.context.transaction.TransactionalTestExecutionListener@3a89f2a0, org.springframework.test.context.jdbc.SqlScriptsTestExecutionListener@41e156ee, org.springframework.test.context.event.EventPublishingTestExecutionListener@24e6bd00, org.springframework.boot.test.autoconfigure.restdocs.RestDocsTestExecutionListener@5522f9b, org.springframework.boot.test.autoconfigure.web.client.MockRestServiceServerResetTestExecutionListener@70bbc163, org.springframework.boot.test.autoconfigure.web.servlet.MockMvcPrintOnlyOnFailureTestExecutionListener@3b26afbc, org.springframework.boot.test.autoconfigure.web.servlet.WebDriverTestExecutionListener@2ab91b65, org.springframework.boot.test.autoconfigure.webservices.client.MockWebServiceServerTestExecutionListener@3e03d75e, org.springframework.boot.test.mock.mockito.ResetMocksTestExecutionListener@109db924]
2023-03-09 01:09:43.046  INFO 1904 --- [    Test worker] o.s.t.c.transaction.TransactionContext   : Began transaction (1) for test context [DefaultTestContext@f714749 testClass = MemberServiceTest, testInstance = jpashop.jpapractice.domain.service.MemberServiceTest@25f3207e, testMethod = BaseEntity@MemberServiceTest, testException = [null], mergedContextConfiguration = [WebMergedContextConfiguration@3d587c73 testClass = MemberServiceTest, locations = '{}', classes = '{class jpashop.jpapractice.JpapracticeApplication}', contextInitializerClasses = '[]', activeProfiles = '{}', propertySourceLocations = '{}', propertySourceProperties = '{org.springframework.boot.test.context.SpringBootTestContextBootstrapper=true}', contextCustomizers = set[org.springframework.boot.test.autoconfigure.actuate.metrics.MetricsExportContextCustomizerFactory$DisableMetricExportContextCustomizer@5f9be66c, org.springframework.boot.test.autoconfigure.properties.PropertyMappingContextCustomizer@0, org.springframework.boot.test.autoconfigure.web.servlet.WebDriverContextCustomizerFactory$Customizer@54e7df6a, org.springframework.boot.test.context.filter.ExcludeFilterContextCustomizer@64bce832, org.springframework.boot.test.json.DuplicateJsonObjectContextCustomizerFactory$DuplicateJsonObjectContextCustomizer@7ae42ce3, org.springframework.boot.test.mock.mockito.MockitoContextCustomizer@0, org.springframework.boot.test.web.client.TestRestTemplateContextCustomizer@ab7395e, org.springframework.boot.test.context.SpringBootTestArgs@1, org.springframework.boot.test.context.SpringBootTestWebEnvironment@11c9af63], resourceBasePath = 'src/main/webapp', contextLoader = 'org.springframework.boot.test.context.SpringBootContextLoader', parent = [null]], attributes = map['org.springframework.test.context.web.ServletTestExecutionListener.activateListener' -&gt; true, 'org.springframework.test.context.web.ServletTestExecutionListener.populatedRequestContextHolder' -&gt; true, 'org.springframework.test.context.web.ServletTestExecutionListener.resetRequestContextHolder' -&gt; true, 'org.springframework.test.context.event.ApplicationEventsTestExecutionListener.recordApplicationEvents' -&gt; false]]; transaction manager [org.springframework.orm.jpa.JpaTransactionManager@7524125c]; rollback [false]
2023-03-09 01:09:43.093 DEBUG 1904 --- [    Test worker] org.hibernate.SQL                        : select member0_.member_id as member_i1_4_, member0_.created_date as created_2_4_, member0_.updated_date as updated_3_4_, member0_.created_by as created_4_4_, member0_.last_modified_by as last_mod5_4_, member0_.city as city6_4_, member0_.street as street7_4_, member0_.zipcode as zipcode8_4_, member0_.name as name9_4_ from member member0_ where member0_.name=?
2023-03-09 01:09:43.094  INFO 1904 --- [    Test worker] p6spy                                    : #1678291783094 | took 0ms | statement | connection 5| url jdbc:h2:tcp://localhost/~/jpapractice
select member0_.member_id as member_i1_4_, member0_.created_date as created_2_4_, member0_.updated_date as updated_3_4_, member0_.created_by as created_4_4_, member0_.last_modified_by as last_mod5_4_, member0_.city as city6_4_, member0_.street as street7_4_, member0_.zipcode as zipcode8_4_, member0_.name as name9_4_ from member member0_ where member0_.name=?
select member0_.member_id as member_i1_4_, member0_.created_date as created_2_4_, member0_.updated_date as updated_3_4_, member0_.created_by as created_4_4_, member0_.last_modified_by as last_mod5_4_, member0_.city as city6_4_, member0_.street as street7_4_, member0_.zipcode as zipcode8_4_, member0_.name as name9_4_ from member member0_ where member0_.name='Hi';
2023-03-09 01:09:43.099 DEBUG 1904 --- [    Test worker] org.hibernate.SQL                        : call next value for hibernate_sequence
2023-03-09 01:09:43.100  INFO 1904 --- [    Test worker] p6spy                                    : #1678291783100 | took 0ms | statement | connection 5| url jdbc:h2:tcp://localhost/~/jpapractice
call next value for hibernate_sequence
call next value for hibernate_sequence;
2023-03-09 01:09:43.127 DEBUG 1904 --- [    Test worker] org.hibernate.SQL                        : insert into member (created_date, updated_date, created_by, last_modified_by, city, street, zipcode, name, member_id) values (?, ?, ?, ?, ?, ?, ?, ?, ?)
2023-03-09 01:09:43.128  INFO 1904 --- [    Test worker] p6spy                                    : #1678291783128 | took 0ms | statement | connection 5| url jdbc:h2:tcp://localhost/~/jpapractice
insert into member (created_date, updated_date, created_by, last_modified_by, city, street, zipcode, name, member_id) values (?, ?, ?, ?, ?, ?, ?, ?, ?)
insert into member (created_date, updated_date, created_by, last_modified_by, city, street, zipcode, name, member_id) values ('2023-03-09T01:09:43.099+0900', '2023-03-09T01:09:43.099+0900', NULL, NULL, '서울', '거리', '123123', 'Hi', 15);
2023-03-09 01:09:43.128  INFO 1904 --- [    Test worker] p6spy                                    : #1678291783128 | took 0ms | commit | connection 5| url jdbc:h2:tcp://localhost/~/jpapractice

;
2023-03-09 01:09:43.128  INFO 1904 --- [    Test worker] o.s.t.c.transaction.TransactionContext   : Committed transaction for test: [DefaultTestContext@f714749 testClass = MemberServiceTest, testInstance = jpashop.jpapractice.domain.service.MemberServiceTest@25f3207e, testMethod = BaseEntity@MemberServiceTest, testException = [null], mergedContextConfiguration = [WebMergedContextConfiguration@3d587c73 testClass = MemberServiceTest, locations = '{}', classes = '{class jpashop.jpapractice.JpapracticeApplication}', contextInitializerClasses = '[]', activeProfiles = '{}', propertySourceLocations = '{}', propertySourceProperties = '{org.springframework.boot.test.context.SpringBootTestContextBootstrapper=true}', contextCustomizers = set[org.springframework.boot.test.autoconfigure.actuate.metrics.MetricsExportContextCustomizerFactory$DisableMetricExportContextCustomizer@5f9be66c, org.springframework.boot.test.autoconfigure.properties.PropertyMappingContextCustomizer@0, org.springframework.boot.test.autoconfigure.web.servlet.WebDriverContextCustomizerFactory$Customizer@54e7df6a, org.springframework.boot.test.context.filter.ExcludeFilterContextCustomizer@64bce832, org.springframework.boot.test.json.DuplicateJsonObjectContextCustomizerFactory$DuplicateJsonObjectContextCustomizer@7ae42ce3, org.springframework.boot.test.mock.mockito.MockitoContextCustomizer@0, org.springframework.boot.test.web.client.TestRestTemplateContextCustomizer@ab7395e, org.springframework.boot.test.context.SpringBootTestArgs@1, org.springframework.boot.test.context.SpringBootTestWebEnvironment@11c9af63], resourceBasePath = 'src/main/webapp', contextLoader = 'org.springframework.boot.test.context.SpringBootContextLoader', parent = [null]], attributes = map['org.springframework.test.context.web.ServletTestExecutionListener.activateListener' -&gt; true, 'org.springframework.test.context.web.ServletTestExecutionListener.populatedRequestContextHolder' -&gt; true, 'org.springframework.test.context.web.ServletTestExecutionListener.resetRequestContextHolder' -&gt; true, 'org.springframework.test.context.event.ApplicationEventsTestExecutionListener.recordApplicationEvents' -&gt; false]]
2023-03-09 01:09:43.130  INFO 1904 --- [    Test worker] o.s.t.c.transaction.TransactionContext   : Began transaction (1) for test context [DefaultTestContext@f714749 testClass = MemberServiceTest, testInstance = jpashop.jpapractice.domain.service.MemberServiceTest@480b785a, testMethod = 중복_회원_예외@MemberServiceTest, testException = [null], mergedContextConfiguration = [WebMergedContextConfiguration@3d587c73 testClass = MemberServiceTest, locations = '{}', classes = '{class jpashop.jpapractice.JpapracticeApplication}', contextInitializerClasses = '[]', activeProfiles = '{}', propertySourceLocations = '{}', propertySourceProperties = '{org.springframework.boot.test.context.SpringBootTestContextBootstrapper=true}', contextCustomizers = set[org.springframework.boot.test.autoconfigure.actuate.metrics.MetricsExportContextCustomizerFactory$DisableMetricExportContextCustomizer@5f9be66c, org.springframework.boot.test.autoconfigure.properties.PropertyMappingContextCustomizer@0, org.springframework.boot.test.autoconfigure.web.servlet.WebDriverContextCustomizerFactory$Customizer@54e7df6a, org.springframework.boot.test.context.filter.ExcludeFilterContextCustomizer@64bce832, org.springframework.boot.test.json.DuplicateJsonObjectContextCustomizerFactory$DuplicateJsonObjectContextCustomizer@7ae42ce3, org.springframework.boot.test.mock.mockito.MockitoContextCustomizer@0, org.springframework.boot.test.web.client.TestRestTemplateContextCustomizer@ab7395e, org.springframework.boot.test.context.SpringBootTestArgs@1, org.springframework.boot.test.context.SpringBootTestWebEnvironment@11c9af63], resourceBasePath = 'src/main/webapp', contextLoader = 'org.springframework.boot.test.context.SpringBootContextLoader', parent = [null]], attributes = map['org.springframework.test.context.web.ServletTestExecutionListener.activateListener' -&gt; true, 'org.springframework.test.context.web.ServletTestExecutionListener.populatedRequestContextHolder' -&gt; true, 'org.springframework.test.context.web.ServletTestExecutionListener.resetRequestContextHolder' -&gt; true, 'org.springframework.test.context.event.ApplicationEventsTestExecutionListener.recordApplicationEvents' -&gt; false]]; transaction manager [org.springframework.orm.jpa.JpaTransactionManager@7524125c]; rollback [false]
2023-03-09 01:09:43.132 DEBUG 1904 --- [    Test worker] org.hibernate.SQL                        : select member0_.member_id as member_i1_4_, member0_.created_date as created_2_4_, member0_.updated_date as updated_3_4_, member0_.created_by as created_4_4_, member0_.last_modified_by as last_mod5_4_, member0_.city as city6_4_, member0_.street as street7_4_, member0_.zipcode as zipcode8_4_, member0_.name as name9_4_ from member member0_ where member0_.name=?
2023-03-09 01:09:43.134  INFO 1904 --- [    Test worker] p6spy                                    : #1678291783134 | took 0ms | statement | connection 6| url jdbc:h2:tcp://localhost/~/jpapractice
select member0_.member_id as member_i1_4_, member0_.created_date as created_2_4_, member0_.updated_date as updated_3_4_, member0_.created_by as created_4_4_, member0_.last_modified_by as last_mod5_4_, member0_.city as city6_4_, member0_.street as street7_4_, member0_.zipcode as zipcode8_4_, member0_.name as name9_4_ from member member0_ where member0_.name=?
select member0_.member_id as member_i1_4_, member0_.created_date as created_2_4_, member0_.updated_date as updated_3_4_, member0_.created_by as created_4_4_, member0_.last_modified_by as last_mod5_4_, member0_.city as city6_4_, member0_.street as street7_4_, member0_.zipcode as zipcode8_4_, member0_.name as name9_4_ from member member0_ where member0_.name='kim1';
2023-03-09 01:09:43.134 DEBUG 1904 --- [    Test worker] org.hibernate.SQL                        : call next value for hibernate_sequence
2023-03-09 01:09:43.134  INFO 1904 --- [    Test worker] p6spy                                    : #1678291783134 | took 0ms | statement | connection 6| url jdbc:h2:tcp://localhost/~/jpapractice
call next value for hibernate_sequence
call next value for hibernate_sequence;
2023-03-09 01:09:43.135 DEBUG 1904 --- [    Test worker] org.hibernate.SQL                        : insert into member (created_date, updated_date, created_by, last_modified_by, city, street, zipcode, name, member_id) values (?, ?, ?, ?, ?, ?, ?, ?, ?)
2023-03-09 01:09:43.135  INFO 1904 --- [    Test worker] p6spy                                    : #1678291783135 | took 0ms | statement | connection 6| url jdbc:h2:tcp://localhost/~/jpapractice
insert into member (created_date, updated_date, created_by, last_modified_by, city, street, zipcode, name, member_id) values (?, ?, ?, ?, ?, ?, ?, ?, ?)
insert into member (created_date, updated_date, created_by, last_modified_by, city, street, zipcode, name, member_id) values ('2023-03-09T01:09:43.134+0900', '2023-03-09T01:09:43.134+0900', NULL, NULL, NULL, NULL, NULL, 'kim1', 16);
2023-03-09 01:09:43.135 DEBUG 1904 --- [    Test worker] org.hibernate.SQL                        : select member0_.member_id as member_i1_4_, member0_.created_date as created_2_4_, member0_.updated_date as updated_3_4_, member0_.created_by as created_4_4_, member0_.last_modified_by as last_mod5_4_, member0_.city as city6_4_, member0_.street as street7_4_, member0_.zipcode as zipcode8_4_, member0_.name as name9_4_ from member member0_ where member0_.name=?
2023-03-09 01:09:43.136  INFO 1904 --- [    Test worker] p6spy                                    : #1678291783136 | took 0ms | statement | connection 6| url jdbc:h2:tcp://localhost/~/jpapractice
select member0_.member_id as member_i1_4_, member0_.created_date as created_2_4_, member0_.updated_date as updated_3_4_, member0_.created_by as created_4_4_, member0_.last_modified_by as last_mod5_4_, member0_.city as city6_4_, member0_.street as street7_4_, member0_.zipcode as zipcode8_4_, member0_.name as name9_4_ from member member0_ where member0_.name=?
select member0_.member_id as member_i1_4_, member0_.created_date as created_2_4_, member0_.updated_date as updated_3_4_, member0_.created_by as created_4_4_, member0_.last_modified_by as last_mod5_4_, member0_.city as city6_4_, member0_.street as street7_4_, member0_.zipcode as zipcode8_4_, member0_.name as name9_4_ from member member0_ where member0_.name='kim1';
2023-03-09 01:09:43.138  INFO 1904 --- [    Test worker] p6spy                                    : #1678291783138 | took 0ms | rollback | connection 6| url jdbc:h2:tcp://localhost/~/jpapractice

;
2023-03-09 01:09:43.141  WARN 1904 --- [    Test worker] o.s.test.context.TestContextManager      : Caught exception while invoking 'afterTestMethod' callback on TestExecutionListener [org.springframework.test.context.transaction.TransactionalTestExecutionListener@3a89f2a0] for test method [public void jpashop.jpapractice.domain.service.MemberServiceTest.중복_회원_예외() throws java.lang.IllegalStateException] and test instance [jpashop.jpapractice.domain.service.MemberServiceTest@480b785a]

org.springframework.transaction.UnexpectedRollbackException: Transaction silently rolled back because it has been marked as rollback-only
	at org.springframework.transaction.support.AbstractPlatformTransactionManager.processCommit(AbstractPlatformTransactionManager.java:752) ~[spring-tx-5.3.24.jar:5.3.24]
	at org.springframework.transaction.support.AbstractPlatformTransactionManager.commit(AbstractPlatformTransactionManager.java:711) ~[spring-tx-5.3.24.jar:5.3.24]
	at org.springframework.test.context.transaction.TransactionContext.endTransaction(TransactionContext.java:131) ~[spring-test-5.3.24.jar:5.3.24]
	at org.springframework.test.context.transaction.TransactionalTestExecutionListener.afterTestMethod(TransactionalTestExecutionListener.java:255) ~[spring-test-5.3.24.jar:5.3.24]
	at org.springframework.test.context.TestContextManager.afterTestMethod(TestContextManager.java:445) ~[spring-test-5.3.24.jar:5.3.24]
	at org.springframework.test.context.junit.jupiter.SpringExtension.afterEach(SpringExtension.java:206) ~[spring-test-5.3.24.jar:5.3.24]
	at org.junit.jupiter.engine.descriptor.TestMethodTestDescriptor.lambda$invokeAfterEachCallbacks$12(TestMethodTestDescriptor.java:257) ~[junit-jupiter-engine-5.8.2.jar:5.8.2]
	at org.junit.jupiter.engine.descriptor.TestMethodTestDescriptor.lambda$invokeAllAfterMethodsOrCallbacks$13(TestMethodTestDescriptor.java:273) ~[junit-jupiter-engine-5.8.2.jar:5.8.2]
	at org.junit.platform.engine.support.hierarchical.ThrowableCollector.execute(ThrowableCollector.java:73) ~[junit-platform-engine-1.8.2.jar:1.8.2]
	at org.junit.jupiter.engine.descriptor.TestMethodTestDescriptor.lambda$invokeAllAfterMethodsOrCallbacks$14(TestMethodTestDescriptor.java:273) ~[junit-jupiter-engine-5.8.2.jar:5.8.2]
	at java.base/java.util.ArrayList.forEach(ArrayList.java:1511) ~[na:na]
	at org.junit.jupiter.engine.descriptor.TestMethodTestDescriptor.invokeAllAfterMethodsOrCallbacks(TestMethodTestDescriptor.java:272) ~[junit-jupiter-engine-5.8.2.jar:5.8.2]
	at org.junit.jupiter.engine.descriptor.TestMethodTestDescriptor.invokeAfterEachCallbacks(TestMethodTestDescriptor.java:256) ~[junit-jupiter-engine-5.8.2.jar:5.8.2]
	at org.junit.jupiter.engine.descriptor.TestMethodTestDescriptor.execute(TestMethodTestDescriptor.java:141) ~[junit-jupiter-engine-5.8.2.jar:5.8.2]
	at org.junit.jupiter.engine.descriptor.TestMethodTestDescriptor.execute(TestMethodTestDescriptor.java:66) ~[junit-jupiter-engine-5.8.2.jar:5.8.2]
	at org.junit.platform.engine.support.hierarchical.NodeTestTask.lambda$executeRecursively$6(NodeTestTask.java:151) ~[junit-platform-engine-1.8.2.jar:1.8.2]
	at org.junit.platform.engine.support.hierarchical.ThrowableCollector.execute(ThrowableCollector.java:73) ~[junit-platform-engine-1.8.2.jar:1.8.2]
	at org.junit.platform.engine.support.hierarchical.NodeTestTask.lambda$executeRecursively$8(NodeTestTask.java:141) ~[junit-platform-engine-1.8.2.jar:1.8.2]
	at org.junit.platform.engine.support.hierarchical.Node.around(Node.java:137) ~[junit-platform-engine-1.8.2.jar:1.8.2]
	at org.junit.platform.engine.support.hierarchical.NodeTestTask.lambda$executeRecursively$9(NodeTestTask.java:139) ~[junit-platform-engine-1.8.2.jar:1.8.2]
	at org.junit.platform.engine.support.hierarchical.ThrowableCollector.execute(ThrowableCollector.java:73) ~[junit-platform-engine-1.8.2.jar:1.8.2]
	at org.junit.platform.engine.support.hierarchical.NodeTestTask.executeRecursively(NodeTestTask.java:138) ~[junit-platform-engine-1.8.2.jar:1.8.2]
	at org.junit.platform.engine.support.hierarchical.NodeTestTask.execute(NodeTestTask.java:95) ~[junit-platform-engine-1.8.2.jar:1.8.2]
	at java.base/java.util.ArrayList.forEach(ArrayList.java:1511) ~[na:na]
	at org.junit.platform.engine.support.hierarchical.SameThreadHierarchicalTestExecutorService.invokeAll(SameThreadHierarchicalTestExecutorService.java:41) ~[junit-platform-engine-1.8.2.jar:1.8.2]
	at org.junit.platform.engine.support.hierarchical.NodeTestTask.lambda$executeRecursively$6(NodeTestTask.java:155) ~[junit-platform-engine-1.8.2.jar:1.8.2]
	at org.junit.platform.engine.support.hierarchical.ThrowableCollector.execute(ThrowableCollector.java:73) ~[junit-platform-engine-1.8.2.jar:1.8.2]
	at org.junit.platform.engine.support.hierarchical.NodeTestTask.lambda$executeRecursively$8(NodeTestTask.java:141) ~[junit-platform-engine-1.8.2.jar:1.8.2]
	at org.junit.platform.engine.support.hierarchical.Node.around(Node.java:137) ~[junit-platform-engine-1.8.2.jar:1.8.2]
	at org.junit.platform.engine.support.hierarchical.NodeTestTask.lambda$executeRecursively$9(NodeTestTask.java:139) ~[junit-platform-engine-1.8.2.jar:1.8.2]
	at org.junit.platform.engine.support.hierarchical.ThrowableCollector.execute(ThrowableCollector.java:73) ~[junit-platform-engine-1.8.2.jar:1.8.2]
	at org.junit.platform.engine.support.hierarchical.NodeTestTask.executeRecursively(NodeTestTask.java:138) ~[junit-platform-engine-1.8.2.jar:1.8.2]
	at org.junit.platform.engine.support.hierarchical.NodeTestTask.execute(NodeTestTask.java:95) ~[junit-platform-engine-1.8.2.jar:1.8.2]
	at java.base/java.util.ArrayList.forEach(ArrayList.java:1511) ~[na:na]
	at org.junit.platform.engine.support.hierarchical.SameThreadHierarchicalTestExecutorService.invokeAll(SameThreadHierarchicalTestExecutorService.java:41) ~[junit-platform-engine-1.8.2.jar:1.8.2]
	at org.junit.platform.engine.support.hierarchical.NodeTestTask.lambda$executeRecursively$6(NodeTestTask.java:155) ~[junit-platform-engine-1.8.2.jar:1.8.2]
	at org.junit.platform.engine.support.hierarchical.ThrowableCollector.execute(ThrowableCollector.java:73) ~[junit-platform-engine-1.8.2.jar:1.8.2]
	at org.junit.platform.engine.support.hierarchical.NodeTestTask.lambda$executeRecursively$8(NodeTestTask.java:141) ~[junit-platform-engine-1.8.2.jar:1.8.2]
	at org.junit.platform.engine.support.hierarchical.Node.around(Node.java:137) ~[junit-platform-engine-1.8.2.jar:1.8.2]
	at org.junit.platform.engine.support.hierarchical.NodeTestTask.lambda$executeRecursively$9(NodeTestTask.java:139) ~[junit-platform-engine-1.8.2.jar:1.8.2]
	at org.junit.platform.engine.support.hierarchical.ThrowableCollector.execute(ThrowableCollector.java:73) ~[junit-platform-engine-1.8.2.jar:1.8.2]
	at org.junit.platform.engine.support.hierarchical.NodeTestTask.executeRecursively(NodeTestTask.java:138) ~[junit-platform-engine-1.8.2.jar:1.8.2]
	at org.junit.platform.engine.support.hierarchical.NodeTestTask.execute(NodeTestTask.java:95) ~[junit-platform-engine-1.8.2.jar:1.8.2]
	at org.junit.platform.engine.support.hierarchical.SameThreadHierarchicalTestExecutorService.submit(SameThreadHierarchicalTestExecutorService.java:35) ~[junit-platform-engine-1.8.2.jar:1.8.2]
	at org.junit.platform.engine.support.hierarchical.HierarchicalTestExecutor.execute(HierarchicalTestExecutor.java:57) ~[junit-platform-engine-1.8.2.jar:1.8.2]
	at org.junit.platform.engine.support.hierarchical.HierarchicalTestEngine.execute(HierarchicalTestEngine.java:54) ~[junit-platform-engine-1.8.2.jar:1.8.2]
	at org.junit.platform.launcher.core.EngineExecutionOrchestrator.execute(EngineExecutionOrchestrator.java:107) ~[na:na]
	at org.junit.platform.launcher.core.EngineExecutionOrchestrator.execute(EngineExecutionOrchestrator.java:88) ~[na:na]
	at org.junit.platform.launcher.core.EngineExecutionOrchestrator.lambda$execute$0(EngineExecutionOrchestrator.java:54) ~[na:na]
	at org.junit.platform.launcher.core.EngineExecutionOrchestrator.withInterceptedStreams(EngineExecutionOrchestrator.java:67) ~[na:na]
	at org.junit.platform.launcher.core.EngineExecutionOrchestrator.execute(EngineExecutionOrchestrator.java:52) ~[na:na]
	at org.junit.platform.launcher.core.DefaultLauncher.execute(DefaultLauncher.java:114) ~[na:na]
	at org.junit.platform.launcher.core.DefaultLauncher.execute(DefaultLauncher.java:86) ~[na:na]
	at org.junit.platform.launcher.core.DefaultLauncherSession$DelegatingLauncher.execute(DefaultLauncherSession.java:86) ~[na:na]
	at org.junit.platform.launcher.core.SessionPerRequestLauncher.execute(SessionPerRequestLauncher.java:53) ~[na:na]
	at org.gradle.api.internal.tasks.testing.junitplatform.JUnitPlatformTestClassProcessor$CollectAllTestClassesExecutor.processAllTestClasses(JUnitPlatformTestClassProcessor.java:99) ~[na:na]
	at org.gradle.api.internal.tasks.testing.junitplatform.JUnitPlatformTestClassProcessor$CollectAllTestClassesExecutor.access$000(JUnitPlatformTestClassProcessor.java:79) ~[na:na]
	at org.gradle.api.internal.tasks.testing.junitplatform.JUnitPlatformTestClassProcessor.stop(JUnitPlatformTestClassProcessor.java:75) ~[na:na]
	at org.gradle.api.internal.tasks.testing.SuiteTestClassProcessor.stop(SuiteTestClassProcessor.java:62) ~[na:na]
	at java.base/jdk.internal.reflect.NativeMethodAccessorImpl.invoke0(Native Method) ~[na:na]
	at java.base/jdk.internal.reflect.NativeMethodAccessorImpl.invoke(NativeMethodAccessorImpl.java:77) ~[na:na]
	at java.base/jdk.internal.reflect.DelegatingMethodAccessorImpl.invoke(DelegatingMethodAccessorImpl.java:43) ~[na:na]
	at java.base/java.lang.reflect.Method.invoke(Method.java:568) ~[na:na]
	at org.gradle.internal.dispatch.ReflectionDispatch.dispatch(ReflectionDispatch.java:36) ~[na:na]
	at org.gradle.internal.dispatch.ReflectionDispatch.dispatch(ReflectionDispatch.java:24) ~[na:na]
	at org.gradle.internal.dispatch.ContextClassLoaderDispatch.dispatch(ContextClassLoaderDispatch.java:33) ~[na:na]
	at org.gradle.internal.dispatch.ProxyDispatchAdapter$DispatchingInvocationHandler.invoke(ProxyDispatchAdapter.java:94) ~[na:na]
	at jdk.proxy1/jdk.proxy1.$Proxy2.stop(Unknown Source) ~[na:na]
	at org.gradle.api.internal.tasks.testing.worker.TestWorker$3.run(TestWorker.java:193) ~[na:na]
	at org.gradle.api.internal.tasks.testing.worker.TestWorker.executeAndMaintainThreadName(TestWorker.java:129) ~[na:na]
	at org.gradle.api.internal.tasks.testing.worker.TestWorker.execute(TestWorker.java:100) ~[na:na]
	at org.gradle.api.internal.tasks.testing.worker.TestWorker.execute(TestWorker.java:60) ~[na:na]
	at org.gradle.process.internal.worker.child.ActionExecutionWorker.execute(ActionExecutionWorker.java:56) ~[na:na]
	at org.gradle.process.internal.worker.child.SystemApplicationClassLoaderWorker.call(SystemApplicationClassLoaderWorker.java:113) ~[na:na]
	at org.gradle.process.internal.worker.child.SystemApplicationClassLoaderWorker.call(SystemApplicationClassLoaderWorker.java:65) ~[na:na]
	at worker.org.gradle.process.internal.worker.GradleWorkerMain.run(GradleWorkerMain.java:69) ~[gradle-worker.jar:na]
	at worker.org.gradle.process.internal.worker.GradleWorkerMain.main(GradleWorkerMain.java:74) ~[gradle-worker.jar:na]

2023-03-09 01:09:43.144  INFO 1904 --- [    Test worker] o.s.t.c.transaction.TransactionContext   : Began transaction (1) for test context [DefaultTestContext@f714749 testClass = MemberServiceTest, testInstance = jpashop.jpapractice.domain.service.MemberServiceTest@b079fa2, testMethod = 회원가입@MemberServiceTest, testException = [null], mergedContextConfiguration = [WebMergedContextConfiguration@3d587c73 testClass = MemberServiceTest, locations = '{}', classes = '{class jpashop.jpapractice.JpapracticeApplication}', contextInitializerClasses = '[]', activeProfiles = '{}', propertySourceLocations = '{}', propertySourceProperties = '{org.springframework.boot.test.context.SpringBootTestContextBootstrapper=true}', contextCustomizers = set[org.springframework.boot.test.autoconfigure.actuate.metrics.MetricsExportContextCustomizerFactory$DisableMetricExportContextCustomizer@5f9be66c, org.springframework.boot.test.autoconfigure.properties.PropertyMappingContextCustomizer@0, org.springframework.boot.test.autoconfigure.web.servlet.WebDriverContextCustomizerFactory$Customizer@54e7df6a, org.springframework.boot.test.context.filter.ExcludeFilterContextCustomizer@64bce832, org.springframework.boot.test.json.DuplicateJsonObjectContextCustomizerFactory$DuplicateJsonObjectContextCustomizer@7ae42ce3, org.springframework.boot.test.mock.mockito.MockitoContextCustomizer@0, org.springframework.boot.test.web.client.TestRestTemplateContextCustomizer@ab7395e, org.springframework.boot.test.context.SpringBootTestArgs@1, org.springframework.boot.test.context.SpringBootTestWebEnvironment@11c9af63], resourceBasePath = 'src/main/webapp', contextLoader = 'org.springframework.boot.test.context.SpringBootContextLoader', parent = [null]], attributes = map['org.springframework.test.context.web.ServletTestExecutionListener.activateListener' -&gt; true, 'org.springframework.test.context.web.ServletTestExecutionListener.populatedRequestContextHolder' -&gt; true, 'org.springframework.test.context.web.ServletTestExecutionListener.resetRequestContextHolder' -&gt; true, 'org.springframework.test.context.event.ApplicationEventsTestExecutionListener.recordApplicationEvents' -&gt; false]]; transaction manager [org.springframework.orm.jpa.JpaTransactionManager@7524125c]; rollback [false]
2023-03-09 01:09:43.144 DEBUG 1904 --- [    Test worker] org.hibernate.SQL                        : select member0_.member_id as member_i1_4_, member0_.created_date as created_2_4_, member0_.updated_date as updated_3_4_, member0_.created_by as created_4_4_, member0_.last_modified_by as last_mod5_4_, member0_.city as city6_4_, member0_.street as street7_4_, member0_.zipcode as zipcode8_4_, member0_.name as name9_4_ from member member0_ where member0_.name=?
2023-03-09 01:09:43.145  INFO 1904 --- [    Test worker] p6spy                                    : #1678291783145 | took 0ms | statement | connection 7| url jdbc:h2:tcp://localhost/~/jpapractice
select member0_.member_id as member_i1_4_, member0_.created_date as created_2_4_, member0_.updated_date as updated_3_4_, member0_.created_by as created_4_4_, member0_.last_modified_by as last_mod5_4_, member0_.city as city6_4_, member0_.street as street7_4_, member0_.zipcode as zipcode8_4_, member0_.name as name9_4_ from member member0_ where member0_.name=?
select member0_.member_id as member_i1_4_, member0_.created_date as created_2_4_, member0_.updated_date as updated_3_4_, member0_.created_by as created_4_4_, member0_.last_modified_by as last_mod5_4_, member0_.city as city6_4_, member0_.street as street7_4_, member0_.zipcode as zipcode8_4_, member0_.name as name9_4_ from member member0_ where member0_.name='kim';
2023-03-09 01:09:43.146 DEBUG 1904 --- [    Test worker] org.hibernate.SQL                        : call next value for hibernate_sequence
2023-03-09 01:09:43.146  INFO 1904 --- [    Test worker] p6spy                                    : #1678291783146 | took 0ms | statement | connection 7| url jdbc:h2:tcp://localhost/~/jpapractice
call next value for hibernate_sequence
call next value for hibernate_sequence;
2023-03-09 01:09:43.147 DEBUG 1904 --- [    Test worker] org.hibernate.SQL                        : insert into member (created_date, updated_date, created_by, last_modified_by, city, street, zipcode, name, member_id) values (?, ?, ?, ?, ?, ?, ?, ?, ?)
2023-03-09 01:09:43.148  INFO 1904 --- [    Test worker] p6spy                                    : #1678291783148 | took 0ms | statement | connection 7| url jdbc:h2:tcp://localhost/~/jpapractice
insert into member (created_date, updated_date, created_by, last_modified_by, city, street, zipcode, name, member_id) values (?, ?, ?, ?, ?, ?, ?, ?, ?)
insert into member (created_date, updated_date, created_by, last_modified_by, city, street, zipcode, name, member_id) values ('2023-03-09T01:09:43.146+0900', '2023-03-09T01:09:43.146+0900', NULL, NULL, NULL, NULL, NULL, 'kim', 17);
2023-03-09 01:09:43.149 DEBUG 1904 --- [    Test worker] org.hibernate.SQL                        : select member0_.member_id as member_i1_4_, member0_.created_date as created_2_4_, member0_.updated_date as updated_3_4_, member0_.created_by as created_4_4_, member0_.last_modified_by as last_mod5_4_, member0_.city as city6_4_, member0_.street as street7_4_, member0_.zipcode as zipcode8_4_, member0_.name as name9_4_ from member member0_ where member0_.member_id=?
2023-03-09 01:09:43.149  INFO 1904 --- [    Test worker] p6spy                                    : #1678291783149 | took 0ms | statement | connection 7| url jdbc:h2:tcp://localhost/~/jpapractice
select member0_.member_id as member_i1_4_, member0_.created_date as created_2_4_, member0_.updated_date as updated_3_4_, member0_.created_by as created_4_4_, member0_.last_modified_by as last_mod5_4_, member0_.city as city6_4_, member0_.street as street7_4_, member0_.zipcode as zipcode8_4_, member0_.name as name9_4_ from member member0_ where member0_.member_id=?
select member0_.member_id as member_i1_4_, member0_.created_date as created_2_4_, member0_.updated_date as updated_3_4_, member0_.created_by as created_4_4_, member0_.last_modified_by as last_mod5_4_, member0_.city as city6_4_, member0_.street as street7_4_, member0_.zipcode as zipcode8_4_, member0_.name as name9_4_ from member member0_ where member0_.member_id=17;
2023-03-09 01:09:43.151  INFO 1904 --- [    Test worker] p6spy                                    : #1678291783151 | took 0ms | commit | connection 7| url jdbc:h2:tcp://localhost/~/jpapractice

;
2023-03-09 01:09:43.152  INFO 1904 --- [    Test worker] o.s.t.c.transaction.TransactionContext   : Committed transaction for test: [DefaultTestContext@f714749 testClass = MemberServiceTest, testInstance = jpashop.jpapractice.domain.service.MemberServiceTest@b079fa2, testMethod = 회원가입@MemberServiceTest, testException = [null], mergedContextConfiguration = [WebMergedContextConfiguration@3d587c73 testClass = MemberServiceTest, locations = '{}', classes = '{class jpashop.jpapractice.JpapracticeApplication}', contextInitializerClasses = '[]', activeProfiles = '{}', propertySourceLocations = '{}', propertySourceProperties = '{org.springframework.boot.test.context.SpringBootTestContextBootstrapper=true}', contextCustomizers = set[org.springframework.boot.test.autoconfigure.actuate.metrics.MetricsExportContextCustomizerFactory$DisableMetricExportContextCustomizer@5f9be66c, org.springframework.boot.test.autoconfigure.properties.PropertyMappingContextCustomizer@0, org.springframework.boot.test.autoconfigure.web.servlet.WebDriverContextCustomizerFactory$Customizer@54e7df6a, org.springframework.boot.test.context.filter.ExcludeFilterContextCustomizer@64bce832, org.springframework.boot.test.json.DuplicateJsonObjectContextCustomizerFactory$DuplicateJsonObjectContextCustomizer@7ae42ce3, org.springframework.boot.test.mock.mockito.MockitoContextCustomizer@0, org.springframework.boot.test.web.client.TestRestTemplateContextCustomizer@ab7395e, org.springframework.boot.test.context.SpringBootTestArgs@1, org.springframework.boot.test.context.SpringBootTestWebEnvironment@11c9af63], resourceBasePath = 'src/main/webapp', contextLoader = 'org.springframework.boot.test.context.SpringBootContextLoader', parent = [null]], attributes = map['org.springframework.test.context.web.ServletTestExecutionListener.activateListener' -&gt; true, 'org.springframework.test.context.web.ServletTestExecutionListener.populatedRequestContextHolder' -&gt; true, 'org.springframework.test.context.web.ServletTestExecutionListener.resetRequestContextHolder' -&gt; true, 'org.springframework.test.context.event.ApplicationEventsTestExecutionListener.recordApplicationEvents' -&gt; false]]
</pre>
</span>
</div>
</div>
<div id="footer">
<p>
<div>
<label class="hidden" id="label-for-line-wrapping-toggle" for="line-wrapping-toggle">Wrap lines
<input id="line-wrapping-toggle" type="checkbox" autocomplete="off"/>
</label>
</div>Generated by 
<a href="http://www.gradle.org">Gradle 7.6</a> at 2023. 3. 9. 오전 1:09:43</p>
</div>
</div>
</body>
</html>
